[debug] [2023-10-17T12:13:31.042Z] ----------------------------------------------------------------------
[debug] [2023-10-17T12:13:31.048Z] Command:       C:\Program Files\nodejs\node.exe C:\Users\TTT\AppData\Roaming\npm\node_modules\firebase-tools\lib\bin\firebase.js init
[debug] [2023-10-17T12:13:31.049Z] CLI Version:   12.7.0
[debug] [2023-10-17T12:13:31.050Z] Platform:      win32
[debug] [2023-10-17T12:13:31.050Z] Node Version:  v16.17.0
[debug] [2023-10-17T12:13:31.052Z] Time:          Tue Oct 17 2023 17:43:31 GMT+0530 (India Standard Time)
[debug] [2023-10-17T12:13:31.054Z] ----------------------------------------------------------------------
[debug] 
[debug] [2023-10-17T12:13:31.064Z] >>> [apiv2][query] GET https://firebase-public.firebaseio.com/cli.json [none]
[debug] [2023-10-17T12:13:31.118Z] > command requires scopes: ["email","openid","https://www.googleapis.com/auth/cloudplatformprojects.readonly","https://www.googleapis.com/auth/firebase","https://www.googleapis.com/auth/cloud-platform"]
[debug] [2023-10-17T12:13:31.119Z] > authorizing via signed-in user (dharmendrabaghel2900@gmail.com)
[info] 
     ######## #### ########  ######## ########     ###     ######  ########
     ##        ##  ##     ## ##       ##     ##  ##   ##  ##       ##
     ######    ##  ########  ######   ########  #########  ######  ######
     ##        ##  ##    ##  ##       ##     ## ##     ##       ## ##
     ##       #### ##     ## ######## ########  ##     ##  ######  ########

You're about to initialize a Firebase project in this directory:

  C:\Users\TTT\Downloads\cricbuzz\cricbuzz

[debug] [2023-10-17T12:13:33.597Z] <<< [apiv2][status] GET https://firebase-public.firebaseio.com/cli.json 200
[debug] [2023-10-17T12:13:33.598Z] <<< [apiv2][body] GET https://firebase-public.firebaseio.com/cli.json {"cloudBuildErrorAfter":1594252800000,"cloudBuildWarnAfter":1590019200000,"defaultNode10After":1594252800000,"minVersion":"3.0.5","node8DeploysDisabledAfter":1613390400000,"node8RuntimeDisabledAfter":1615809600000,"node8WarnAfter":1600128000000}
[info] 
=== Project Setup
[info] 
[info] First, let's associate this project directory with a Firebase project.
[info] You can create multiple project aliases by running firebase use --add, 
[info] but for now we'll just set up a default project.
[info] 
[debug] [2023-10-17T12:13:53.751Z] > refreshing access token with scopes: []
[debug] [2023-10-17T12:13:53.753Z] >>> [apiv2][query] POST https://www.googleapis.com/oauth2/v3/token [none]
[debug] [2023-10-17T12:13:53.753Z] >>> [apiv2][body] POST https://www.googleapis.com/oauth2/v3/token [omitted]
[debug] [2023-10-17T12:13:57.355Z] <<< [apiv2][status] POST https://www.googleapis.com/oauth2/v3/token 200
[debug] [2023-10-17T12:13:57.356Z] <<< [apiv2][body] POST https://www.googleapis.com/oauth2/v3/token [omitted]
[debug] [2023-10-17T12:13:57.524Z] >>> [apiv2][query] GET https://firebase.googleapis.com/v1beta1/projects pageSize=100
[debug] [2023-10-17T12:13:59.574Z] <<< [apiv2][status] GET https://firebase.googleapis.com/v1beta1/projects 200
[debug] [2023-10-17T12:13:59.575Z] <<< [apiv2][body] GET https://firebase.googleapis.com/v1beta1/projects [omitted]
